<?xml version='1.0' encoding='UTF-8'?>
<testsuite hostname="Colms-MacBook-Pro.local" name="ProblemThreeMergeSortedCollectionsSpec" tests="4" errors="0" failures="0" skipped="0" time="0.018" timestamp="2023-07-25T16:05:51">
          <properties>
      <property name="awt.toolkit" value="sun.lwawt.macosx.LWCToolkit"/><property name="java.specification.version" value="11"/><property name="sun.cpu.isalist" value=""/><property name="sun.jnu.encoding" value="UTF-8"/><property name="sun.arch.data.model" value="64"/><property name="java.vendor.url" value="https://openjdk.java.net/"/><property name="sun.boot.library.path" value="/Library/Java/JavaVirtualMachines/jdk-11.jdk/Contents/Home/lib"/><property name="sun.java.command" value="/opt/homebrew/Cellar/sbt/1.9.0/libexec/bin/sbt-launch.jar test"/><property name="jdk.debug" value="release"/><property name="java.specification.vendor" value="Oracle Corporation"/><property name="java.version.date" value="2023-04-18"/><property name="java.home" value="/Library/Java/JavaVirtualMachines/jdk-11.jdk/Contents/Home"/><property name="file.separator" value="/"/><property name="java.vm.compressedOopsMode" value="Zero based"/><property name="line.separator" value="
"/><property name="java.specification.name" value="Java Platform API Specification"/><property name="java.vm.specification.vendor" value="Oracle Corporation"/><property name="sun.management.compiler" value="HotSpot 64-Bit Tiered Compilers"/><property name="java.runtime.version" value="11.0.19+9-LTS-224"/><property name="user.name" value="colmm"/><property name="log4j.ignoreTCL" value="true"/><property name="file.encoding" value="UTF-8"/><property name="java.vendor.version" value="18.9"/><property name="java.io.tmpdir" value="/var/folders/s0/zccp50kx2gv323p41n0875zw0000gp/T/"/><property name="java.version" value="11.0.19"/><property name="java.vm.specification.name" value="Java Virtual Machine Specification"/><property name="java.awt.printerjob" value="sun.lwawt.macosx.CPrinterJob"/><property name="sun.os.patch.level" value="unknown"/><property name="java.library.path" value="/Users/colmm/Library/Java/Extensions:/Library/Java/Extensions:/Network/Library/Java/Extensions:/System/Library/Java/Extensions:/usr/lib/java:."/><property name="java.vendor" value="Oracle Corporation"/><property name="scala.ext.dirs" value="/Users/colmm/.sbt/1.0/java9-rt-ext-oracle_corporation_11_0_19"/><property name="sun.io.unicode.encoding" value="UnicodeBig"/><property name="socksNonProxyHosts" value="local|*.local|169.254/16|*.169.254/16"/><property name="gopherProxySet" value="false"/><property name="java.class.path" value="/opt/homebrew/Cellar/sbt/1.9.0/libexec/bin/sbt-launch.jar"/><property name="java.vm.vendor" value="Oracle Corporation"/><property name="jline.shutdownhook" value="false"/><property name="user.timezone" value="Europe/Dublin"/><property name="os.name" value="Mac OS X"/><property name="java.vm.specification.version" value="11"/><property name="sun.java.launcher" value="SUN_STANDARD"/><property name="user.country" value="IE"/><property name="http.nonProxyHosts" value="local|*.local|169.254/16|*.169.254/16"/><property name="sun.cpu.endian" value="little"/><property name="user.home" value="/Users/colmm"/><property name="user.language" value="en"/><property name="sbt.script" value="/opt/homebrew/Cellar/sbt/1.9.0/libexec/bin/sbt"/><property name="sbt.ipcsocket.tmpdir" value="/var/folders/s0/zccp50kx2gv323p41n0875zw0000gp/T/.sbte30bb59a/ipcsocket"/><property name="swoval.tmpdir" value="/var/folders/s0/zccp50kx2gv323p41n0875zw0000gp/T/.sbte30bb59a/swoval"/><property name="java.awt.graphicsenv" value="sun.awt.CGraphicsEnvironment"/><property name="jline.esc.timeout" value="0"/><property name="ftp.nonProxyHosts" value="local|*.local|169.254/16|*.169.254/16"/><property name="path.separator" value=":"/><property name="os.version" value="13.4"/><property name="jna.nosys" value="true"/><property name="java.runtime.name" value="Java(TM) SE Runtime Environment"/><property name="java.vm.name" value="Java HotSpot(TM) 64-Bit Server VM"/><property name="java.vendor.url.bug" value="https://bugreport.java.com/bugreport/"/><property name="user.dir" value="/Users/colmm/Projects/Oracle"/><property name="os.arch" value="aarch64"/><property name="java.vm.info" value="mixed mode"/><property name="java.vm.version" value="11.0.19+9-LTS-224"/><property name="java.class.version" value="55.0"/>
    </properties>
          <testcase classname="ProblemThreeMergeSortedCollectionsSpec" name="mergeSorted should merge two lists and return a sorted list" time="0.016">
                      
                    </testcase><testcase classname="ProblemThreeMergeSortedCollectionsSpec" name="mergeSorted should merge two vectors and return a sorted vector" time="0.001">
                      
                    </testcase><testcase classname="ProblemThreeMergeSortedCollectionsSpec" name="mergeSorted should merge two options and return the smaller one" time="0.0">
                      
                    </testcase><testcase classname="ProblemThreeMergeSortedCollectionsSpec" name="mergeSorted should merge two backwards lists and return a sorted backwards list" time="0.001">
                      
                    </testcase>
          <system-out><![CDATA[]]></system-out>
          <system-err><![CDATA[]]></system-err>
        </testsuite>